<?xml version="1.0" encoding="UTF-8"?>
<!-- Generated by org.testng.reporters.JUnitXMLReporter -->
<testsuite hostname="Paresis-MacBook-Air-2.local" ignored="0" name="Facebook Login Test" tests="1" failures="1" timestamp="10 Nov 2019 18:45:29 GMT" time="29.836" errors="0">
  <testcase name="loginAttemptTest on [FacebookLoginTest passed=0 failed=0 skipped=0]" time="26.028" classname="testCases.regression.FacebookLoginTest">
    <failure type="org.openqa.selenium.NoSuchElementException" message="Cannot locate an element using xpath=//a[contains(text(), &amp;apos;Forgot Password?&amp;apos;)]
For documentation on this error, please visit: https://www.seleniumhq.org/exceptions/no_such_element.html
Build info: version: &amp;apos;3.141.59&amp;apos;, revision: &amp;apos;e82be7d358&amp;apos;, time: &amp;apos;2018-11-14T08:17:03&amp;apos;
System info: host: &amp;apos;Paresis-MacBook-Air-2.local&amp;apos;, ip: &amp;apos;fe80:0:0:0:1873:dbc1:7763:36db%en0&amp;apos;, os.name: &amp;apos;Mac OS X&amp;apos;, os.arch: &amp;apos;x86_64&amp;apos;, os.version: &amp;apos;10.15&amp;apos;, java.version: &amp;apos;1.8.0_201&amp;apos;
Driver info: driver.version: RemoteWebDriver">
      <![CDATA[org.openqa.selenium.NoSuchElementException: Cannot locate an element using xpath=//a[contains(text(), 'Forgot Password?')]
For documentation on this error, please visit: https://www.seleniumhq.org/exceptions/no_such_element.html
Build info: version: '3.141.59', revision: 'e82be7d358', time: '2018-11-14T08:17:03'
System info: host: 'Paresis-MacBook-Air-2.local', ip: 'fe80:0:0:0:1873:dbc1:7763:36db%en0', os.name: 'Mac OS X', os.arch: 'x86_64', os.version: '10.15', java.version: '1.8.0_201'
Driver info: driver.version: RemoteWebDriver
at org.openqa.selenium.remote.RemoteWebDriver.findElement(RemoteWebDriver.java:327)
at org.openqa.selenium.remote.RemoteWebDriver.findElementByXPath(RemoteWebDriver.java:428)
at org.openqa.selenium.By$ByXPath.findElement(By.java:353)
at org.openqa.selenium.remote.RemoteWebDriver.findElement(RemoteWebDriver.java:315)
at pageObjects.FacebookEntrance.assertLoginFail(FacebookEntrance.java:69)
at testCases.regression.FacebookLoginTest.loginAttemptTest(FacebookLoginTest.java:42)
... Removed 29 stack frames]]>
    </failure>
  </testcase> <!-- loginAttemptTest on [FacebookLoginTest passed=0 failed=0 skipped=0] -->
</testsuite> <!-- Facebook Login Test -->
